# JRE version: Java(TM) SE Runtime Environment (7.0_51-b13) (build 1.7.0_51-b13)
# Java VM: Java HotSpot(TM) Client VM (24.51-b03 mixed mode windows-x86 )
Heap
 par new generation   total 118016K, used 53015K [0x04580000, 0x0c580000, 0x0c580000)
  eden space 104960K,  38% used [0x04580000, 0x06c85f00, 0x0ac00000)
  from space 13056K, 100% used [0x0ac00000, 0x0b8c0000, 0x0b8c0000)
  to   space 13056K,   0% used [0x0b8c0000, 0x0b8c0000, 0x0c580000)
 concurrent mark-sweep generation total 393216K, used 12816K [0x0c580000, 0x24580000, 0x24580000)
 concurrent-mark-sweep perm gen total 131072K, used 24781K [0x24580000, 0x2c580000, 0x34580000)
GC Heap History (4 events):
Event: 6.591 GC heap before
{Heap before GC invocations=0 (full 0):
 par new generation   total 118016K, used 104960K [0x04580000, 0x0c580000, 0x0c580000)
  eden space 104960K, 100% used [0x04580000, 0x0ac00000, 0x0ac00000)
  from space 13056K,   0% used [0x0ac00000, 0x0ac00000, 0x0b8c0000)
  to   space 13056K,   0% used [0x0b8c0000, 0x0b8c0000, 0x0c580000)
 concurrent mark-sweep generation total 393216K, used 0K [0x0c580000, 0x24580000, 0x24580000)
 concurrent-mark-sweep perm gen total 131072K, used 7748K [0x24580000, 0x2c580000, 0x34580000)
Event: 6.613 GC heap after
Heap after GC invocations=1 (full 0):
 par new generation   total 118016K, used 10458K [0x04580000, 0x0c580000, 0x0c580000)
  eden space 104960K,   0% used [0x04580000, 0x04580000, 0x0ac00000)
  from space 13056K,  80% used [0x0b8c0000, 0x0c2f69d8, 0x0c580000)
  to   space 13056K,   0% used [0x0ac00000, 0x0ac00000, 0x0b8c0000)
 concurrent mark-sweep generation total 393216K, used 0K [0x0c580000, 0x24580000, 0x24580000)
 concurrent-mark-sweep perm gen total 131072K, used 7748K [0x24580000, 0x2c580000, 0x34580000)
}
Event: 15.584 GC heap before
{Heap before GC invocations=1 (full 0):
 par new generation   total 118016K, used 115418K [0x04580000, 0x0c580000, 0x0c580000)
  eden space 104960K, 100% used [0x04580000, 0x0ac00000, 0x0ac00000)
  from space 13056K,  80% used [0x0b8c0000, 0x0c2f69d8, 0x0c580000)
  to   space 13056K,   0% used [0x0ac00000, 0x0ac00000, 0x0b8c0000)
 concurrent mark-sweep generation total 393216K, used 0K [0x0c580000, 0x24580000, 0x24580000)
 concurrent-mark-sweep perm gen total 131072K, used 17959K [0x24580000, 0x2c580000, 0x34580000)
Event: 15.672 GC heap after
Heap after GC invocations=2 (full 0):
 par new generation   total 118016K, used 13056K [0x04580000, 0x0c580000, 0x0c580000)
  eden space 104960K,   0% used [0x04580000, 0x04580000, 0x0ac00000)
  from space 13056K, 100% used [0x0ac00000, 0x0b8c0000, 0x0b8c0000)
  to   space 13056K,   0% used [0x0b8c0000, 0x0b8c0000, 0x0c580000)
 concurrent mark-sweep generation total 393216K, used 12816K [0x0c580000, 0x24580000, 0x24580000)
 concurrent-mark-sweep perm gen total 131072K, used 17959K [0x24580000, 0x2c580000, 0x34580000)
}

